<?xml version="1.0" encoding="UTF-8"?>
<!-- Generated by org.testng.reporters.JUnitXMLReporter -->
<testsuite ignored="0" hostname="DESKTOP-K990F0G" failures="0" tests="4" name="Default test" time="39.652" errors="0" timestamp="2021-08-09T14:18:41 EET">
  <testcase classname="newpackage.Myclass" name="verifysearchdata" time="13.654"/>
  <testcase classname="newpackage.Myclass" name="verifysearchresult" time="0.878"/>
  <testcase classname="newpackage.Myclass" name="verifymoredetails" time="16.691"/>
  <testcase classname="newpackage.Myclass" name="verifymap" time="2.876"/>
</testsuite> <!-- Default test -->
